<?xml version="1.0" encoding="UTF-8"?>
<testng-results total="1" passed="1" failed="0" skipped="0">
  <reporter-output>
  </reporter-output>
  <suite started-at="2022-04-16T16:03:43Z" name="Default suite" finished-at="2022-04-16T16:04:40Z" duration-ms="56560">
    <groups>
    </groups>
    <test started-at="2022-04-16T16:03:43Z" name="Default test" finished-at="2022-04-16T16:04:40Z" duration-ms="56560">
      <class name="tests.RegistrationPageTest">
        <test-method is-config="true" signature="setup()[pri:0, instance:tests.RegistrationPageTest@4fa1c212]" started-at="2022-04-16T22:03:43Z" name="setup" finished-at="2022-04-16T22:04:39Z" duration-ms="56098" status="PASS">
          <reporter-output>
          </reporter-output>
        </test-method> <!-- setup -->
        <test-method signature="validateRegistrationPage()[pri:0, instance:tests.RegistrationPageTest@4fa1c212]" started-at="2022-04-16T22:04:39Z" name="validateRegistrationPage" finished-at="2022-04-16T22:04:40Z" duration-ms="438" status="PASS">
          <reporter-output>
          </reporter-output>
        </test-method> <!-- validateRegistrationPage -->
      </class> <!-- tests.RegistrationPageTest -->
    </test> <!-- Default test -->
  </suite> <!-- Default suite -->
</testng-results>
